#! /usr/local/Cellar/icarus-verilog/10.1.1/bin/vvp
:ivl_version "10.1 (stable)" "(v10_1_1)";
:ivl_delay_selection "TYPICAL";
:vpi_time_precision - 11;
:vpi_module "system";
:vpi_module "vhdl_sys";
:vpi_module "v2005_math";
:vpi_module "va_math";
S_0x7fb75853c000 .scope module, "mimodulo_tb" "mimodulo_tb" 2 5;
 .timescale -9 -11;
v0x7fb75857a840_0 .var "clk", 0 0;
v0x7fb75857a8d0_0 .net "salida", 7 0, L_0x7fb75857ac30;  1 drivers
v0x7fb75857a960_0 .var "start", 0 0;
v0x7fb75857a9f0_0 .var "x", 3 0;
v0x7fb75857aa80_0 .var "y", 3 0;
S_0x7fb7585496a0 .scope module, "mimodulo" "booth" 2 13, 3 1 0, S_0x7fb75853c000;
 .timescale -9 -11;
    .port_info 0 /INPUT 4 "X"
    .port_info 1 /INPUT 4 "Y"
    .port_info 2 /OUTPUT 8 "S"
    .port_info 3 /INPUT 1 "clk"
    .port_info 4 /INPUT 1 "start"
v0x7fb758579b60_0 .net "AtoSum", 3 0, L_0x7fb75857c1e0;  1 drivers
v0x7fb758579c50_0 .net "MtoSum", 3 0, L_0x7fb75857e1f0;  1 drivers
v0x7fb758579ce0_0 .net "QtoUC", 4 0, L_0x7fb75857db20;  1 drivers
v0x7fb758579db0_0 .net "S", 7 0, L_0x7fb75857ac30;  alias, 1 drivers
v0x7fb758579e40_0 .net "SumToA", 3 0, v0x7fb758566510_0;  1 drivers
v0x7fb758579f50_0 .net "UCtoSum", 0 0, L_0x7fb758580c80;  1 drivers
v0x7fb75857a020_0 .net "X", 3 0, v0x7fb75857a9f0_0;  1 drivers
v0x7fb75857a0b0_0 .net "Y", 3 0, v0x7fb75857aa80_0;  1 drivers
v0x7fb75857a140_0 .net *"_s1", 3 0, L_0x7fb75857ab90;  1 drivers
v0x7fb75857a250_0 .net "cargaA", 0 0, L_0x7fb75857ff00;  1 drivers
v0x7fb75857a2e0_0 .net "cargaM", 0 0, L_0x7fb75857e6d0;  1 drivers
v0x7fb75857a370_0 .net "cargaQ", 0 0, L_0x7fb75857e580;  1 drivers
v0x7fb75857a400_0 .net "clk", 0 0, v0x7fb75857a840_0;  1 drivers
v0x7fb75857a490_0 .net "desplazaA", 0 0, L_0x7fb75857f1f0;  1 drivers
v0x7fb75857a520_0 .net "desplazaQ", 0 0, L_0x7fb75857f080;  1 drivers
v0x7fb75857a5f0_0 .net "resetA", 0 0, L_0x7fb75857e660;  1 drivers
v0x7fb75857a680_0 .net "start", 0 0, v0x7fb75857a960_0;  1 drivers
L_0x7fb75857ab90 .part L_0x7fb75857db20, 1, 4;
L_0x7fb75857ac30 .concat [ 4 4 0 0], L_0x7fb75857ab90, L_0x7fb75857c1e0;
L_0x7fb75857ddd0 .part L_0x7fb75857c1e0, 0, 1;
S_0x7fb758547e10 .scope module, "alu1" "sum" 3 14, 4 1 0, S_0x7fb7585496a0;
 .timescale -9 -11;
    .port_info 0 /INPUT 4 "A"
    .port_info 1 /INPUT 4 "M"
    .port_info 2 /OUTPUT 4 "Q"
    .port_info 3 /INPUT 1 "Op"
v0x7fb7585130b0_0 .net "A", 3 0, L_0x7fb75857c1e0;  alias, 1 drivers
v0x7fb7585663b0_0 .net "M", 3 0, L_0x7fb75857e1f0;  alias, 1 drivers
v0x7fb758566460_0 .net "Op", 0 0, L_0x7fb758580c80;  alias, 1 drivers
v0x7fb758566510_0 .var "Q", 3 0;
E_0x7fb758547950 .event edge, v0x7fb758566460_0, v0x7fb7585663b0_0, v0x7fb7585130b0_0;
S_0x7fb758566620 .scope module, "regA1" "regA" 3 11, 5 1 0, S_0x7fb7585496a0;
 .timescale -9 -11;
    .port_info 0 /INPUT 1 "clk"
    .port_info 1 /INPUT 1 "reset"
    .port_info 2 /INPUT 1 "CargaA"
    .port_info 3 /INPUT 1 "DesplazaA"
    .port_info 4 /INPUT 4 "entA"
    .port_info 5 /OUTPUT 4 "q"
L_0x7fb75857ad50 .functor OR 1, L_0x7fb75857ff00, L_0x7fb75857f1f0, C4<0>, C4<0>;
v0x7fb75856c1e0_0 .net "CargaA", 0 0, L_0x7fb75857ff00;  alias, 1 drivers
v0x7fb75856c380_0 .net "DesplazaA", 0 0, L_0x7fb75857f1f0;  alias, 1 drivers
v0x7fb75856c410_0 .net "clk", 0 0, v0x7fb75857a840_0;  alias, 1 drivers
v0x7fb75856c5a0_0 .net "enable", 0 0, L_0x7fb75857ad50;  1 drivers
v0x7fb75856c730_0 .net "entA", 3 0, v0x7fb758566510_0;  alias, 1 drivers
v0x7fb75856c7c0_0 .net "q", 3 0, L_0x7fb75857c1e0;  alias, 1 drivers
v0x7fb75856c850_0 .net "reset", 0 0, L_0x7fb75857e660;  alias, 1 drivers
L_0x7fb75857b120 .part L_0x7fb75857c1e0, 1, 1;
L_0x7fb75857b240 .part v0x7fb758566510_0, 0, 1;
L_0x7fb75857b5e0 .part L_0x7fb75857c1e0, 2, 1;
L_0x7fb75857b680 .part v0x7fb758566510_0, 1, 1;
L_0x7fb75857bbd0 .part L_0x7fb75857c1e0, 3, 1;
L_0x7fb75857bca0 .part v0x7fb758566510_0, 2, 1;
L_0x7fb75857c060 .part L_0x7fb75857c1e0, 3, 1;
L_0x7fb75857c140 .part v0x7fb758566510_0, 3, 1;
L_0x7fb75857c1e0 .concat8 [ 1 1 1 1], v0x7fb758567080_0, v0x7fb758568700_0, v0x7fb758569dc0_0, v0x7fb75856b390_0;
S_0x7fb7585668a0 .scope module, "ff0" "cdaff" 5 5, 5 14 0, S_0x7fb758566620;
 .timescale -9 -11;
    .port_info 0 /INPUT 1 "selc_d"
    .port_info 1 /INPUT 1 "inp_d"
    .port_info 2 /INPUT 1 "inp_c"
    .port_info 3 /INPUT 1 "clk"
    .port_info 4 /INPUT 1 "reset"
    .port_info 5 /INPUT 1 "carga"
    .port_info 6 /OUTPUT 1 "q"
v0x7fb758567960_0 .net "carga", 0 0, L_0x7fb75857ad50;  alias, 1 drivers
v0x7fb758567a00_0 .net "clk", 0 0, v0x7fb75857a840_0;  alias, 1 drivers
v0x7fb758567ab0_0 .net "inp", 0 0, L_0x7fb75857b010;  1 drivers
v0x7fb758567ba0_0 .net "inp_c", 0 0, L_0x7fb75857b240;  1 drivers
v0x7fb758567c30_0 .net "inp_d", 0 0, L_0x7fb75857b120;  1 drivers
v0x7fb758567d00_0 .net "q", 0 0, v0x7fb758567080_0;  1 drivers
v0x7fb758567d90_0 .net "reset", 0 0, L_0x7fb75857e660;  alias, 1 drivers
v0x7fb758567e40_0 .net "selc_d", 0 0, L_0x7fb75857ff00;  alias, 1 drivers
S_0x7fb758566b40 .scope module, "ff0" "ffdc" 5 16, 6 1 0, S_0x7fb7585668a0;
 .timescale -9 -11;
    .port_info 0 /INPUT 1 "clk"
    .port_info 1 /INPUT 1 "reset"
    .port_info 2 /INPUT 1 "carga"
    .port_info 3 /INPUT 1 "d"
    .port_info 4 /OUTPUT 1 "q"
P_0x7fb758566cf0 .param/l "retardo" 0 6 1, +C4<00000000000000000000000000000000>;
v0x7fb758566e80_0 .net "carga", 0 0, L_0x7fb75857ad50;  alias, 1 drivers
v0x7fb758566f30_0 .net "clk", 0 0, v0x7fb75857a840_0;  alias, 1 drivers
v0x7fb758566fd0_0 .net "d", 0 0, L_0x7fb75857b010;  alias, 1 drivers
v0x7fb758567080_0 .var "q", 0 0;
v0x7fb758567120_0 .net "reset", 0 0, L_0x7fb75857e660;  alias, 1 drivers
E_0x7fb758566e40 .event posedge, v0x7fb758567120_0, v0x7fb758566f30_0;
S_0x7fb758567280 .scope module, "mux0" "mux2_1_i1" 5 17, 5 20 0, S_0x7fb7585668a0;
 .timescale -9 -11;
    .port_info 0 /OUTPUT 1 "out"
    .port_info 1 /INPUT 1 "a"
    .port_info 2 /INPUT 1 "b"
    .port_info 3 /INPUT 1 "s"
L_0x7fb75857adc0 .functor NOT 1, L_0x7fb75857ff00, C4<0>, C4<0>, C4<0>;
L_0x7fb75857ae30 .functor AND 1, L_0x7fb75857b120, L_0x7fb75857adc0, C4<1>, C4<1>;
L_0x7fb75857af60 .functor AND 1, L_0x7fb75857b240, L_0x7fb75857ff00, C4<1>, C4<1>;
L_0x7fb75857b010 .functor OR 1, L_0x7fb75857ae30, L_0x7fb75857af60, C4<0>, C4<0>;
v0x7fb758567490_0 .net "a", 0 0, L_0x7fb75857b120;  alias, 1 drivers
v0x7fb758567520_0 .net "b", 0 0, L_0x7fb75857b240;  alias, 1 drivers
v0x7fb7585675b0_0 .net "out", 0 0, L_0x7fb75857b010;  alias, 1 drivers
v0x7fb758567680_0 .net "s", 0 0, L_0x7fb75857ff00;  alias, 1 drivers
v0x7fb758567710_0 .net "s_n", 0 0, L_0x7fb75857adc0;  1 drivers
v0x7fb7585677e0_0 .net "sa", 0 0, L_0x7fb75857ae30;  1 drivers
v0x7fb758567880_0 .net "sb", 0 0, L_0x7fb75857af60;  1 drivers
S_0x7fb758567f40 .scope module, "ff1" "cdaff" 5 6, 5 14 0, S_0x7fb758566620;
 .timescale -9 -11;
    .port_info 0 /INPUT 1 "selc_d"
    .port_info 1 /INPUT 1 "inp_d"
    .port_info 2 /INPUT 1 "inp_c"
    .port_info 3 /INPUT 1 "clk"
    .port_info 4 /INPUT 1 "reset"
    .port_info 5 /INPUT 1 "carga"
    .port_info 6 /OUTPUT 1 "q"
v0x7fb758568fd0_0 .net "carga", 0 0, L_0x7fb75857ad50;  alias, 1 drivers
v0x7fb758569070_0 .net "clk", 0 0, v0x7fb75857a840_0;  alias, 1 drivers
v0x7fb758569110_0 .net "inp", 0 0, L_0x7fb75857b4f0;  1 drivers
v0x7fb7585691e0_0 .net "inp_c", 0 0, L_0x7fb75857b680;  1 drivers
v0x7fb758569270_0 .net "inp_d", 0 0, L_0x7fb75857b5e0;  1 drivers
v0x7fb758569340_0 .net "q", 0 0, v0x7fb758568700_0;  1 drivers
v0x7fb7585693f0_0 .net "reset", 0 0, L_0x7fb75857e660;  alias, 1 drivers
v0x7fb758569480_0 .net "selc_d", 0 0, L_0x7fb75857ff00;  alias, 1 drivers
S_0x7fb7585681b0 .scope module, "ff0" "ffdc" 5 16, 6 1 0, S_0x7fb758567f40;
 .timescale -9 -11;
    .port_info 0 /INPUT 1 "clk"
    .port_info 1 /INPUT 1 "reset"
    .port_info 2 /INPUT 1 "carga"
    .port_info 3 /INPUT 1 "d"
    .port_info 4 /OUTPUT 1 "q"
P_0x7fb758568360 .param/l "retardo" 0 6 1, +C4<00000000000000000000000000000000>;
v0x7fb7585684b0_0 .net "carga", 0 0, L_0x7fb75857ad50;  alias, 1 drivers
v0x7fb758568590_0 .net "clk", 0 0, v0x7fb75857a840_0;  alias, 1 drivers
v0x7fb758568670_0 .net "d", 0 0, L_0x7fb75857b4f0;  alias, 1 drivers
v0x7fb758568700_0 .var "q", 0 0;
v0x7fb758568790_0 .net "reset", 0 0, L_0x7fb75857e660;  alias, 1 drivers
S_0x7fb7585688e0 .scope module, "mux0" "mux2_1_i1" 5 17, 5 20 0, S_0x7fb758567f40;
 .timescale -9 -11;
    .port_info 0 /OUTPUT 1 "out"
    .port_info 1 /INPUT 1 "a"
    .port_info 2 /INPUT 1 "b"
    .port_info 3 /INPUT 1 "s"
L_0x7fb75857b2e0 .functor NOT 1, L_0x7fb75857ff00, C4<0>, C4<0>, C4<0>;
L_0x7fb75857b350 .functor AND 1, L_0x7fb75857b5e0, L_0x7fb75857b2e0, C4<1>, C4<1>;
L_0x7fb75857b440 .functor AND 1, L_0x7fb75857b680, L_0x7fb75857ff00, C4<1>, C4<1>;
L_0x7fb75857b4f0 .functor OR 1, L_0x7fb75857b350, L_0x7fb75857b440, C4<0>, C4<0>;
v0x7fb758568af0_0 .net "a", 0 0, L_0x7fb75857b5e0;  alias, 1 drivers
v0x7fb758568b80_0 .net "b", 0 0, L_0x7fb75857b680;  alias, 1 drivers
v0x7fb758568c10_0 .net "out", 0 0, L_0x7fb75857b4f0;  alias, 1 drivers
v0x7fb758568ce0_0 .net "s", 0 0, L_0x7fb75857ff00;  alias, 1 drivers
v0x7fb758568db0_0 .net "s_n", 0 0, L_0x7fb75857b2e0;  1 drivers
v0x7fb758568e80_0 .net "sa", 0 0, L_0x7fb75857b350;  1 drivers
v0x7fb758568f10_0 .net "sb", 0 0, L_0x7fb75857b440;  1 drivers
S_0x7fb758569570 .scope module, "ff2" "cdaff" 5 7, 5 14 0, S_0x7fb758566620;
 .timescale -9 -11;
    .port_info 0 /INPUT 1 "selc_d"
    .port_info 1 /INPUT 1 "inp_d"
    .port_info 2 /INPUT 1 "inp_c"
    .port_info 3 /INPUT 1 "clk"
    .port_info 4 /INPUT 1 "reset"
    .port_info 5 /INPUT 1 "carga"
    .port_info 6 /OUTPUT 1 "q"
v0x7fb75856a690_0 .net "carga", 0 0, L_0x7fb75857ad50;  alias, 1 drivers
v0x7fb75856a730_0 .net "clk", 0 0, v0x7fb75857a840_0;  alias, 1 drivers
v0x7fb75856a7d0_0 .net "inp", 0 0, L_0x7fb75857bac0;  1 drivers
v0x7fb75856a8a0_0 .net "inp_c", 0 0, L_0x7fb75857bca0;  1 drivers
v0x7fb75856a930_0 .net "inp_d", 0 0, L_0x7fb75857bbd0;  1 drivers
v0x7fb75856aa00_0 .net "q", 0 0, v0x7fb758569dc0_0;  1 drivers
v0x7fb75856aab0_0 .net "reset", 0 0, L_0x7fb75857e660;  alias, 1 drivers
v0x7fb75856ab40_0 .net "selc_d", 0 0, L_0x7fb75857ff00;  alias, 1 drivers
S_0x7fb7585697f0 .scope module, "ff0" "ffdc" 5 16, 6 1 0, S_0x7fb758569570;
 .timescale -9 -11;
    .port_info 0 /INPUT 1 "clk"
    .port_info 1 /INPUT 1 "reset"
    .port_info 2 /INPUT 1 "carga"
    .port_info 3 /INPUT 1 "d"
    .port_info 4 /OUTPUT 1 "q"
P_0x7fb7585699a0 .param/l "retardo" 0 6 1, +C4<00000000000000000000000000000000>;
v0x7fb758569af0_0 .net "carga", 0 0, L_0x7fb75857ad50;  alias, 1 drivers
v0x7fb758569c10_0 .net "clk", 0 0, v0x7fb75857a840_0;  alias, 1 drivers
v0x7fb758569d30_0 .net "d", 0 0, L_0x7fb75857bac0;  alias, 1 drivers
v0x7fb758569dc0_0 .var "q", 0 0;
v0x7fb758569e50_0 .net "reset", 0 0, L_0x7fb75857e660;  alias, 1 drivers
S_0x7fb758569fa0 .scope module, "mux0" "mux2_1_i1" 5 17, 5 20 0, S_0x7fb758569570;
 .timescale -9 -11;
    .port_info 0 /OUTPUT 1 "out"
    .port_info 1 /INPUT 1 "a"
    .port_info 2 /INPUT 1 "b"
    .port_info 3 /INPUT 1 "s"
L_0x7fb75857b7a0 .functor NOT 1, L_0x7fb75857ff00, C4<0>, C4<0>, C4<0>;
L_0x7fb75856c280 .functor AND 1, L_0x7fb75857bbd0, L_0x7fb75857b7a0, C4<1>, C4<1>;
L_0x7fb75857ba10 .functor AND 1, L_0x7fb75857bca0, L_0x7fb75857ff00, C4<1>, C4<1>;
L_0x7fb75857bac0 .functor OR 1, L_0x7fb75856c280, L_0x7fb75857ba10, C4<0>, C4<0>;
v0x7fb75856a1b0_0 .net "a", 0 0, L_0x7fb75857bbd0;  alias, 1 drivers
v0x7fb75856a240_0 .net "b", 0 0, L_0x7fb75857bca0;  alias, 1 drivers
v0x7fb75856a2d0_0 .net "out", 0 0, L_0x7fb75857bac0;  alias, 1 drivers
v0x7fb75856a380_0 .net "s", 0 0, L_0x7fb75857ff00;  alias, 1 drivers
v0x7fb75856a490_0 .net "s_n", 0 0, L_0x7fb75857b7a0;  1 drivers
v0x7fb75856a520_0 .net "sa", 0 0, L_0x7fb75856c280;  1 drivers
v0x7fb75856a5b0_0 .net "sb", 0 0, L_0x7fb75857ba10;  1 drivers
S_0x7fb75856ac30 .scope module, "ff3" "cdaff" 5 8, 5 14 0, S_0x7fb758566620;
 .timescale -9 -11;
    .port_info 0 /INPUT 1 "selc_d"
    .port_info 1 /INPUT 1 "inp_d"
    .port_info 2 /INPUT 1 "inp_c"
    .port_info 3 /INPUT 1 "clk"
    .port_info 4 /INPUT 1 "reset"
    .port_info 5 /INPUT 1 "carga"
    .port_info 6 /OUTPUT 1 "q"
v0x7fb75856bc40_0 .net "carga", 0 0, L_0x7fb75857ad50;  alias, 1 drivers
v0x7fb75856bce0_0 .net "clk", 0 0, v0x7fb75857a840_0;  alias, 1 drivers
v0x7fb75856bd80_0 .net "inp", 0 0, L_0x7fb75857bf50;  1 drivers
v0x7fb75856be50_0 .net "inp_c", 0 0, L_0x7fb75857c140;  1 drivers
v0x7fb75856bee0_0 .net "inp_d", 0 0, L_0x7fb75857c060;  1 drivers
v0x7fb75856bfb0_0 .net "q", 0 0, v0x7fb75856b390_0;  1 drivers
v0x7fb75856c060_0 .net "reset", 0 0, L_0x7fb75857e660;  alias, 1 drivers
v0x7fb75856c0f0_0 .net "selc_d", 0 0, L_0x7fb75857ff00;  alias, 1 drivers
S_0x7fb75856ae90 .scope module, "ff0" "ffdc" 5 16, 6 1 0, S_0x7fb75856ac30;
 .timescale -9 -11;
    .port_info 0 /INPUT 1 "clk"
    .port_info 1 /INPUT 1 "reset"
    .port_info 2 /INPUT 1 "carga"
    .port_info 3 /INPUT 1 "d"
    .port_info 4 /OUTPUT 1 "q"
P_0x7fb75856b050 .param/l "retardo" 0 6 1, +C4<00000000000000000000000000000000>;
v0x7fb75856b1a0_0 .net "carga", 0 0, L_0x7fb75857ad50;  alias, 1 drivers
v0x7fb75856b240_0 .net "clk", 0 0, v0x7fb75857a840_0;  alias, 1 drivers
v0x7fb75856b2e0_0 .net "d", 0 0, L_0x7fb75857bf50;  alias, 1 drivers
v0x7fb75856b390_0 .var "q", 0 0;
v0x7fb75856b420_0 .net "reset", 0 0, L_0x7fb75857e660;  alias, 1 drivers
S_0x7fb75856b570 .scope module, "mux0" "mux2_1_i1" 5 17, 5 20 0, S_0x7fb75856ac30;
 .timescale -9 -11;
    .port_info 0 /OUTPUT 1 "out"
    .port_info 1 /INPUT 1 "a"
    .port_info 2 /INPUT 1 "b"
    .port_info 3 /INPUT 1 "s"
L_0x7fb75857bd40 .functor NOT 1, L_0x7fb75857ff00, C4<0>, C4<0>, C4<0>;
L_0x7fb75857bdb0 .functor AND 1, L_0x7fb75857c060, L_0x7fb75857bd40, C4<1>, C4<1>;
L_0x7fb75857bea0 .functor AND 1, L_0x7fb75857c140, L_0x7fb75857ff00, C4<1>, C4<1>;
L_0x7fb75857bf50 .functor OR 1, L_0x7fb75857bdb0, L_0x7fb75857bea0, C4<0>, C4<0>;
v0x7fb75856b780_0 .net "a", 0 0, L_0x7fb75857c060;  alias, 1 drivers
v0x7fb75856b810_0 .net "b", 0 0, L_0x7fb75857c140;  alias, 1 drivers
v0x7fb75856b8a0_0 .net "out", 0 0, L_0x7fb75857bf50;  alias, 1 drivers
v0x7fb75856b970_0 .net "s", 0 0, L_0x7fb75857ff00;  alias, 1 drivers
v0x7fb75856ba00_0 .net "s_n", 0 0, L_0x7fb75857bd40;  1 drivers
v0x7fb75856bad0_0 .net "sa", 0 0, L_0x7fb75857bdb0;  1 drivers
v0x7fb75856bb60_0 .net "sb", 0 0, L_0x7fb75857bea0;  1 drivers
S_0x7fb75856c9e0 .scope module, "regM1" "regM" 3 13, 7 1 0, S_0x7fb7585496a0;
 .timescale -9 -11;
    .port_info 0 /OUTPUT 4 "salM"
    .port_info 1 /INPUT 4 "entM"
    .port_info 2 /INPUT 1 "cargaM"
    .port_info 3 /INPUT 1 "clk"
    .port_info 4 /INPUT 1 "reset"
v0x7fb75856e630_0 .net "cargaM", 0 0, L_0x7fb75857e6d0;  alias, 1 drivers
v0x7fb75856e740_0 .net "clk", 0 0, v0x7fb75857a840_0;  alias, 1 drivers
v0x7fb75856e7d0_0 .net "entM", 3 0, v0x7fb75857aa80_0;  alias, 1 drivers
v0x7fb75856e860_0 .net "reset", 0 0, v0x7fb75857a960_0;  alias, 1 drivers
v0x7fb75856e970_0 .net "salM", 3 0, L_0x7fb75857e1f0;  alias, 1 drivers
L_0x7fb75857def0 .part v0x7fb75857aa80_0, 0, 1;
L_0x7fb75857df90 .part v0x7fb75857aa80_0, 1, 1;
L_0x7fb75857e0b0 .part v0x7fb75857aa80_0, 2, 1;
L_0x7fb75857e150 .part v0x7fb75857aa80_0, 3, 1;
L_0x7fb75857e1f0 .concat8 [ 1 1 1 1], v0x7fb75856d050_0, v0x7fb75856d710_0, v0x7fb75856ddb0_0, v0x7fb75856e450_0;
S_0x7fb75856cb40 .scope module, "ff0" "ffdc" 7 4, 6 1 0, S_0x7fb75856c9e0;
 .timescale -9 -11;
    .port_info 0 /INPUT 1 "clk"
    .port_info 1 /INPUT 1 "reset"
    .port_info 2 /INPUT 1 "carga"
    .port_info 3 /INPUT 1 "d"
    .port_info 4 /OUTPUT 1 "q"
P_0x7fb75856ccf0 .param/l "retardo" 0 6 1, +C4<00000000000000000000000000000000>;
v0x7fb75856ce50_0 .net "carga", 0 0, L_0x7fb75857e6d0;  alias, 1 drivers
v0x7fb75856cf00_0 .net "clk", 0 0, v0x7fb75857a840_0;  alias, 1 drivers
v0x7fb75856cfa0_0 .net "d", 0 0, L_0x7fb75857def0;  1 drivers
v0x7fb75856d050_0 .var "q", 0 0;
v0x7fb75856d0e0_0 .net "reset", 0 0, v0x7fb75857a960_0;  alias, 1 drivers
E_0x7fb75856ce20 .event posedge, v0x7fb75856d0e0_0, v0x7fb758566f30_0;
S_0x7fb75856d240 .scope module, "ff1" "ffdc" 7 5, 6 1 0, S_0x7fb75856c9e0;
 .timescale -9 -11;
    .port_info 0 /INPUT 1 "clk"
    .port_info 1 /INPUT 1 "reset"
    .port_info 2 /INPUT 1 "carga"
    .port_info 3 /INPUT 1 "d"
    .port_info 4 /OUTPUT 1 "q"
P_0x7fb75856d3f0 .param/l "retardo" 0 6 1, +C4<00000000000000000000000000000000>;
v0x7fb75856d520_0 .net "carga", 0 0, L_0x7fb75857e6d0;  alias, 1 drivers
v0x7fb75856d5d0_0 .net "clk", 0 0, v0x7fb75857a840_0;  alias, 1 drivers
v0x7fb75856d660_0 .net "d", 0 0, L_0x7fb75857df90;  1 drivers
v0x7fb75856d710_0 .var "q", 0 0;
v0x7fb75856d7a0_0 .net "reset", 0 0, v0x7fb75857a960_0;  alias, 1 drivers
S_0x7fb75856d8c0 .scope module, "ff2" "ffdc" 7 6, 6 1 0, S_0x7fb75856c9e0;
 .timescale -9 -11;
    .port_info 0 /INPUT 1 "clk"
    .port_info 1 /INPUT 1 "reset"
    .port_info 2 /INPUT 1 "carga"
    .port_info 3 /INPUT 1 "d"
    .port_info 4 /OUTPUT 1 "q"
P_0x7fb75856da90 .param/l "retardo" 0 6 1, +C4<00000000000000000000000000000000>;
v0x7fb75856dbc0_0 .net "carga", 0 0, L_0x7fb75857e6d0;  alias, 1 drivers
v0x7fb75856dc90_0 .net "clk", 0 0, v0x7fb75857a840_0;  alias, 1 drivers
v0x7fb75856dd20_0 .net "d", 0 0, L_0x7fb75857e0b0;  1 drivers
v0x7fb75856ddb0_0 .var "q", 0 0;
v0x7fb75856de40_0 .net "reset", 0 0, v0x7fb75857a960_0;  alias, 1 drivers
S_0x7fb75856dfb0 .scope module, "ff3" "ffdc" 7 7, 6 1 0, S_0x7fb75856c9e0;
 .timescale -9 -11;
    .port_info 0 /INPUT 1 "clk"
    .port_info 1 /INPUT 1 "reset"
    .port_info 2 /INPUT 1 "carga"
    .port_info 3 /INPUT 1 "d"
    .port_info 4 /OUTPUT 1 "q"
P_0x7fb75856e160 .param/l "retardo" 0 6 1, +C4<00000000000000000000000000000000>;
v0x7fb75856e260_0 .net "carga", 0 0, L_0x7fb75857e6d0;  alias, 1 drivers
v0x7fb75856e300_0 .net "clk", 0 0, v0x7fb75857a840_0;  alias, 1 drivers
v0x7fb75856e3a0_0 .net "d", 0 0, L_0x7fb75857e150;  1 drivers
v0x7fb75856e450_0 .var "q", 0 0;
v0x7fb75856e4e0_0 .net "reset", 0 0, v0x7fb75857a960_0;  alias, 1 drivers
S_0x7fb75856ea30 .scope module, "regQ1" "regQ" 3 12, 8 1 0, S_0x7fb7585496a0;
 .timescale -9 -11;
    .port_info 0 /INPUT 4 "entQ"
    .port_info 1 /INPUT 1 "CargaQ"
    .port_info 2 /INPUT 1 "DesplazaQ"
    .port_info 3 /INPUT 1 "clk"
    .port_info 4 /INPUT 1 "reset"
    .port_info 5 /INPUT 1 "fromA"
    .port_info 6 /OUTPUT 5 "q"
L_0x7fb75857c450 .functor OR 1, L_0x7fb75857e580, L_0x7fb75857f080, C4<0>, C4<0>;
v0x7fb758575d10_0 .net "CargaQ", 0 0, L_0x7fb75857e580;  alias, 1 drivers
v0x7fb758575db0_0 .net "DesplazaQ", 0 0, L_0x7fb75857f080;  alias, 1 drivers
v0x7fb758575e50_0 .net "clk", 0 0, v0x7fb75857a840_0;  alias, 1 drivers
v0x7fb758575ee0_0 .net "enable", 0 0, L_0x7fb75857c450;  1 drivers
v0x7fb758575f70_0 .net "entQ", 3 0, v0x7fb75857a9f0_0;  alias, 1 drivers
v0x7fb758576040_0 .net "fromA", 0 0, L_0x7fb75857ddd0;  1 drivers
v0x7fb758576110_0 .net "q", 4 0, L_0x7fb75857db20;  alias, 1 drivers
v0x7fb7585761a0_0 .net "reset", 0 0, v0x7fb75857a960_0;  alias, 1 drivers
L_0x7fb75857c780 .part L_0x7fb75857db20, 1, 1;
L_0x7fb75857cc90 .part L_0x7fb75857db20, 2, 1;
L_0x7fb75857cd30 .part v0x7fb75857a9f0_0, 0, 1;
L_0x7fb75857d130 .part L_0x7fb75857db20, 3, 1;
L_0x7fb75857d1d0 .part v0x7fb75857a9f0_0, 1, 1;
L_0x7fb75857d600 .part L_0x7fb75857db20, 4, 1;
L_0x7fb75857d6a0 .part v0x7fb75857a9f0_0, 2, 1;
L_0x7fb75857da80 .part v0x7fb75857a9f0_0, 3, 1;
LS_0x7fb75857db20_0_0 .concat8 [ 1 1 1 1], v0x7fb75856f460_0, v0x7fb758570bd0_0, v0x7fb758572220_0, v0x7fb7585737f0_0;
LS_0x7fb75857db20_0_4 .concat8 [ 1 0 0 0], v0x7fb758574ea0_0;
L_0x7fb75857db20 .concat8 [ 4 1 0 0], LS_0x7fb75857db20_0_0, LS_0x7fb75857db20_0_4;
S_0x7fb75856ecd0 .scope module, "ff0" "cdaff" 8 5, 5 14 0, S_0x7fb75856ea30;
 .timescale -9 -11;
    .port_info 0 /INPUT 1 "selc_d"
    .port_info 1 /INPUT 1 "inp_d"
    .port_info 2 /INPUT 1 "inp_c"
    .port_info 3 /INPUT 1 "clk"
    .port_info 4 /INPUT 1 "reset"
    .port_info 5 /INPUT 1 "carga"
    .port_info 6 /OUTPUT 1 "q"
v0x7fb75856fd20_0 .net "carga", 0 0, L_0x7fb75857c450;  alias, 1 drivers
v0x7fb75856fdc0_0 .net "clk", 0 0, v0x7fb75857a840_0;  alias, 1 drivers
v0x7fb75856fe50_0 .net "inp", 0 0, L_0x7fb75857c690;  1 drivers
L_0x10f352008 .functor BUFT 1, C4<0>, C4<0>, C4<0>, C4<0>;
v0x7fb75856ff40_0 .net "inp_c", 0 0, L_0x10f352008;  1 drivers
v0x7fb75856ffd0_0 .net "inp_d", 0 0, L_0x7fb75857c780;  1 drivers
v0x7fb7585700a0_0 .net "q", 0 0, v0x7fb75856f460_0;  1 drivers
v0x7fb758570150_0 .net "reset", 0 0, v0x7fb75857a960_0;  alias, 1 drivers
v0x7fb7585701e0_0 .net "selc_d", 0 0, L_0x7fb75857e580;  alias, 1 drivers
S_0x7fb75856ef80 .scope module, "ff0" "ffdc" 5 16, 6 1 0, S_0x7fb75856ecd0;
 .timescale -9 -11;
    .port_info 0 /INPUT 1 "clk"
    .port_info 1 /INPUT 1 "reset"
    .port_info 2 /INPUT 1 "carga"
    .port_info 3 /INPUT 1 "d"
    .port_info 4 /OUTPUT 1 "q"
P_0x7fb75856f140 .param/l "retardo" 0 6 1, +C4<00000000000000000000000000000000>;
v0x7fb75856f260_0 .net "carga", 0 0, L_0x7fb75857c450;  alias, 1 drivers
v0x7fb75856f310_0 .net "clk", 0 0, v0x7fb75857a840_0;  alias, 1 drivers
v0x7fb75856f3b0_0 .net "d", 0 0, L_0x7fb75857c690;  alias, 1 drivers
v0x7fb75856f460_0 .var "q", 0 0;
v0x7fb75856f4f0_0 .net "reset", 0 0, v0x7fb75857a960_0;  alias, 1 drivers
S_0x7fb75856f640 .scope module, "mux0" "mux2_1_i1" 5 17, 5 20 0, S_0x7fb75856ecd0;
 .timescale -9 -11;
    .port_info 0 /OUTPUT 1 "out"
    .port_info 1 /INPUT 1 "a"
    .port_info 2 /INPUT 1 "b"
    .port_info 3 /INPUT 1 "s"
L_0x7fb75857c4c0 .functor NOT 1, L_0x7fb75857e580, C4<0>, C4<0>, C4<0>;
L_0x7fb75857c530 .functor AND 1, L_0x7fb75857c780, L_0x7fb75857c4c0, C4<1>, C4<1>;
L_0x7fb75857c5e0 .functor AND 1, L_0x10f352008, L_0x7fb75857e580, C4<1>, C4<1>;
L_0x7fb75857c690 .functor OR 1, L_0x7fb75857c530, L_0x7fb75857c5e0, C4<0>, C4<0>;
v0x7fb75856f850_0 .net "a", 0 0, L_0x7fb75857c780;  alias, 1 drivers
v0x7fb75856f8e0_0 .net "b", 0 0, L_0x10f352008;  alias, 1 drivers
v0x7fb75856f970_0 .net "out", 0 0, L_0x7fb75857c690;  alias, 1 drivers
v0x7fb75856fa40_0 .net "s", 0 0, L_0x7fb75857e580;  alias, 1 drivers
v0x7fb75856fad0_0 .net "s_n", 0 0, L_0x7fb75857c4c0;  1 drivers
v0x7fb75856fba0_0 .net "sa", 0 0, L_0x7fb75857c530;  1 drivers
v0x7fb75856fc40_0 .net "sb", 0 0, L_0x7fb75857c5e0;  1 drivers
S_0x7fb7585702e0 .scope module, "ff1" "cdaff" 8 6, 5 14 0, S_0x7fb75856ea30;
 .timescale -9 -11;
    .port_info 0 /INPUT 1 "selc_d"
    .port_info 1 /INPUT 1 "inp_d"
    .port_info 2 /INPUT 1 "inp_c"
    .port_info 3 /INPUT 1 "clk"
    .port_info 4 /INPUT 1 "reset"
    .port_info 5 /INPUT 1 "carga"
    .port_info 6 /OUTPUT 1 "q"
v0x7fb758571430_0 .net "carga", 0 0, L_0x7fb75857c450;  alias, 1 drivers
v0x7fb7585714d0_0 .net "clk", 0 0, v0x7fb75857a840_0;  alias, 1 drivers
v0x7fb758571570_0 .net "inp", 0 0, L_0x7fb75857cb80;  1 drivers
v0x7fb758571640_0 .net "inp_c", 0 0, L_0x7fb75857cd30;  1 drivers
v0x7fb7585716d0_0 .net "inp_d", 0 0, L_0x7fb75857cc90;  1 drivers
v0x7fb7585717a0_0 .net "q", 0 0, v0x7fb758570bd0_0;  1 drivers
v0x7fb758571850_0 .net "reset", 0 0, v0x7fb75857a960_0;  alias, 1 drivers
v0x7fb7585719e0_0 .net "selc_d", 0 0, L_0x7fb75857e580;  alias, 1 drivers
S_0x7fb758570550 .scope module, "ff0" "ffdc" 5 16, 6 1 0, S_0x7fb7585702e0;
 .timescale -9 -11;
    .port_info 0 /INPUT 1 "clk"
    .port_info 1 /INPUT 1 "reset"
    .port_info 2 /INPUT 1 "carga"
    .port_info 3 /INPUT 1 "d"
    .port_info 4 /OUTPUT 1 "q"
P_0x7fb758570700 .param/l "retardo" 0 6 1, +C4<00000000000000000000000000000000>;
v0x7fb758570850_0 .net "carga", 0 0, L_0x7fb75857c450;  alias, 1 drivers
v0x7fb758570930_0 .net "clk", 0 0, v0x7fb75857a840_0;  alias, 1 drivers
v0x7fb75856c4a0_0 .net "d", 0 0, L_0x7fb75857cb80;  alias, 1 drivers
v0x7fb758570bd0_0 .var "q", 0 0;
v0x7fb758570c60_0 .net "reset", 0 0, v0x7fb75857a960_0;  alias, 1 drivers
S_0x7fb758570d40 .scope module, "mux0" "mux2_1_i1" 5 17, 5 20 0, S_0x7fb7585702e0;
 .timescale -9 -11;
    .port_info 0 /OUTPUT 1 "out"
    .port_info 1 /INPUT 1 "a"
    .port_info 2 /INPUT 1 "b"
    .port_info 3 /INPUT 1 "s"
L_0x7fb75857c8a0 .functor NOT 1, L_0x7fb75857e580, C4<0>, C4<0>, C4<0>;
L_0x7fb7585754b0 .functor AND 1, L_0x7fb75857cc90, L_0x7fb75857c8a0, C4<1>, C4<1>;
L_0x7fb75857cb10 .functor AND 1, L_0x7fb75857cd30, L_0x7fb75857e580, C4<1>, C4<1>;
L_0x7fb75857cb80 .functor OR 1, L_0x7fb7585754b0, L_0x7fb75857cb10, C4<0>, C4<0>;
v0x7fb758570f50_0 .net "a", 0 0, L_0x7fb75857cc90;  alias, 1 drivers
v0x7fb758570fe0_0 .net "b", 0 0, L_0x7fb75857cd30;  alias, 1 drivers
v0x7fb758571070_0 .net "out", 0 0, L_0x7fb75857cb80;  alias, 1 drivers
v0x7fb758571140_0 .net "s", 0 0, L_0x7fb75857e580;  alias, 1 drivers
v0x7fb758571210_0 .net "s_n", 0 0, L_0x7fb75857c8a0;  1 drivers
v0x7fb7585712e0_0 .net "sa", 0 0, L_0x7fb7585754b0;  1 drivers
v0x7fb758571370_0 .net "sb", 0 0, L_0x7fb75857cb10;  1 drivers
S_0x7fb758571ad0 .scope module, "ff2" "cdaff" 8 7, 5 14 0, S_0x7fb75856ea30;
 .timescale -9 -11;
    .port_info 0 /INPUT 1 "selc_d"
    .port_info 1 /INPUT 1 "inp_d"
    .port_info 2 /INPUT 1 "inp_c"
    .port_info 3 /INPUT 1 "clk"
    .port_info 4 /INPUT 1 "reset"
    .port_info 5 /INPUT 1 "carga"
    .port_info 6 /OUTPUT 1 "q"
v0x7fb758572af0_0 .net "carga", 0 0, L_0x7fb75857c450;  alias, 1 drivers
v0x7fb758572b90_0 .net "clk", 0 0, v0x7fb75857a840_0;  alias, 1 drivers
v0x7fb758572c30_0 .net "inp", 0 0, L_0x7fb75857d020;  1 drivers
v0x7fb758572d00_0 .net "inp_c", 0 0, L_0x7fb75857d1d0;  1 drivers
v0x7fb758572d90_0 .net "inp_d", 0 0, L_0x7fb75857d130;  1 drivers
v0x7fb758572e60_0 .net "q", 0 0, v0x7fb758572220_0;  1 drivers
v0x7fb758572f10_0 .net "reset", 0 0, v0x7fb75857a960_0;  alias, 1 drivers
v0x7fb758572fa0_0 .net "selc_d", 0 0, L_0x7fb75857e580;  alias, 1 drivers
S_0x7fb758571ce0 .scope module, "ff0" "ffdc" 5 16, 6 1 0, S_0x7fb758571ad0;
 .timescale -9 -11;
    .port_info 0 /INPUT 1 "clk"
    .port_info 1 /INPUT 1 "reset"
    .port_info 2 /INPUT 1 "carga"
    .port_info 3 /INPUT 1 "d"
    .port_info 4 /OUTPUT 1 "q"
P_0x7fb758571e90 .param/l "retardo" 0 6 1, +C4<00000000000000000000000000000000>;
v0x7fb758571fe0_0 .net "carga", 0 0, L_0x7fb75857c450;  alias, 1 drivers
v0x7fb7585720f0_0 .net "clk", 0 0, v0x7fb75857a840_0;  alias, 1 drivers
v0x7fb758572190_0 .net "d", 0 0, L_0x7fb75857d020;  alias, 1 drivers
v0x7fb758572220_0 .var "q", 0 0;
v0x7fb7585722b0_0 .net "reset", 0 0, v0x7fb75857a960_0;  alias, 1 drivers
S_0x7fb7585723e0 .scope module, "mux0" "mux2_1_i1" 5 17, 5 20 0, S_0x7fb758571ad0;
 .timescale -9 -11;
    .port_info 0 /OUTPUT 1 "out"
    .port_info 1 /INPUT 1 "a"
    .port_info 2 /INPUT 1 "b"
    .port_info 3 /INPUT 1 "s"
L_0x7fb75857cdd0 .functor NOT 1, L_0x7fb75857e580, C4<0>, C4<0>, C4<0>;
L_0x7fb75857ce40 .functor AND 1, L_0x7fb75857d130, L_0x7fb75857cdd0, C4<1>, C4<1>;
L_0x7fb75857cf70 .functor AND 1, L_0x7fb75857d1d0, L_0x7fb75857e580, C4<1>, C4<1>;
L_0x7fb75857d020 .functor OR 1, L_0x7fb75857ce40, L_0x7fb75857cf70, C4<0>, C4<0>;
v0x7fb7585725f0_0 .net "a", 0 0, L_0x7fb75857d130;  alias, 1 drivers
v0x7fb758572680_0 .net "b", 0 0, L_0x7fb75857d1d0;  alias, 1 drivers
v0x7fb758572710_0 .net "out", 0 0, L_0x7fb75857d020;  alias, 1 drivers
v0x7fb7585727e0_0 .net "s", 0 0, L_0x7fb75857e580;  alias, 1 drivers
v0x7fb7585728f0_0 .net "s_n", 0 0, L_0x7fb75857cdd0;  1 drivers
v0x7fb758572980_0 .net "sa", 0 0, L_0x7fb75857ce40;  1 drivers
v0x7fb758572a10_0 .net "sb", 0 0, L_0x7fb75857cf70;  1 drivers
S_0x7fb758573090 .scope module, "ff3" "cdaff" 8 8, 5 14 0, S_0x7fb75856ea30;
 .timescale -9 -11;
    .port_info 0 /INPUT 1 "selc_d"
    .port_info 1 /INPUT 1 "inp_d"
    .port_info 2 /INPUT 1 "inp_c"
    .port_info 3 /INPUT 1 "clk"
    .port_info 4 /INPUT 1 "reset"
    .port_info 5 /INPUT 1 "carga"
    .port_info 6 /OUTPUT 1 "q"
v0x7fb7585740a0_0 .net "carga", 0 0, L_0x7fb75857c450;  alias, 1 drivers
v0x7fb758574140_0 .net "clk", 0 0, v0x7fb75857a840_0;  alias, 1 drivers
v0x7fb7585741e0_0 .net "inp", 0 0, L_0x7fb75857d4f0;  1 drivers
v0x7fb7585742b0_0 .net "inp_c", 0 0, L_0x7fb75857d6a0;  1 drivers
v0x7fb758574340_0 .net "inp_d", 0 0, L_0x7fb75857d600;  1 drivers
v0x7fb758574410_0 .net "q", 0 0, v0x7fb7585737f0_0;  1 drivers
v0x7fb7585744c0_0 .net "reset", 0 0, v0x7fb75857a960_0;  alias, 1 drivers
v0x7fb758574550_0 .net "selc_d", 0 0, L_0x7fb75857e580;  alias, 1 drivers
S_0x7fb7585732f0 .scope module, "ff0" "ffdc" 5 16, 6 1 0, S_0x7fb758573090;
 .timescale -9 -11;
    .port_info 0 /INPUT 1 "clk"
    .port_info 1 /INPUT 1 "reset"
    .port_info 2 /INPUT 1 "carga"
    .port_info 3 /INPUT 1 "d"
    .port_info 4 /OUTPUT 1 "q"
P_0x7fb7585734b0 .param/l "retardo" 0 6 1, +C4<00000000000000000000000000000000>;
v0x7fb758573600_0 .net "carga", 0 0, L_0x7fb75857c450;  alias, 1 drivers
v0x7fb7585736a0_0 .net "clk", 0 0, v0x7fb75857a840_0;  alias, 1 drivers
v0x7fb758573740_0 .net "d", 0 0, L_0x7fb75857d4f0;  alias, 1 drivers
v0x7fb7585737f0_0 .var "q", 0 0;
v0x7fb758573880_0 .net "reset", 0 0, v0x7fb75857a960_0;  alias, 1 drivers
S_0x7fb7585739d0 .scope module, "mux0" "mux2_1_i1" 5 17, 5 20 0, S_0x7fb758573090;
 .timescale -9 -11;
    .port_info 0 /OUTPUT 1 "out"
    .port_info 1 /INPUT 1 "a"
    .port_info 2 /INPUT 1 "b"
    .port_info 3 /INPUT 1 "s"
L_0x7fb75857d320 .functor NOT 1, L_0x7fb75857e580, C4<0>, C4<0>, C4<0>;
L_0x7fb75857d390 .functor AND 1, L_0x7fb75857d600, L_0x7fb75857d320, C4<1>, C4<1>;
L_0x7fb75857d440 .functor AND 1, L_0x7fb75857d6a0, L_0x7fb75857e580, C4<1>, C4<1>;
L_0x7fb75857d4f0 .functor OR 1, L_0x7fb75857d390, L_0x7fb75857d440, C4<0>, C4<0>;
v0x7fb758573be0_0 .net "a", 0 0, L_0x7fb75857d600;  alias, 1 drivers
v0x7fb758573c70_0 .net "b", 0 0, L_0x7fb75857d6a0;  alias, 1 drivers
v0x7fb758573d00_0 .net "out", 0 0, L_0x7fb75857d4f0;  alias, 1 drivers
v0x7fb758573dd0_0 .net "s", 0 0, L_0x7fb75857e580;  alias, 1 drivers
v0x7fb758573e60_0 .net "s_n", 0 0, L_0x7fb75857d320;  1 drivers
v0x7fb758573f30_0 .net "sa", 0 0, L_0x7fb75857d390;  1 drivers
v0x7fb758573fc0_0 .net "sb", 0 0, L_0x7fb75857d440;  1 drivers
S_0x7fb758574640 .scope module, "ff4" "cdaff" 8 9, 5 14 0, S_0x7fb75856ea30;
 .timescale -9 -11;
    .port_info 0 /INPUT 1 "selc_d"
    .port_info 1 /INPUT 1 "inp_d"
    .port_info 2 /INPUT 1 "inp_c"
    .port_info 3 /INPUT 1 "clk"
    .port_info 4 /INPUT 1 "reset"
    .port_info 5 /INPUT 1 "carga"
    .port_info 6 /OUTPUT 1 "q"
v0x7fb7585757a0_0 .net "carga", 0 0, L_0x7fb75857c450;  alias, 1 drivers
v0x7fb758575830_0 .net "clk", 0 0, v0x7fb75857a840_0;  alias, 1 drivers
v0x7fb7585758c0_0 .net "inp", 0 0, L_0x7fb75857d970;  1 drivers
v0x7fb758575990_0 .net "inp_c", 0 0, L_0x7fb75857da80;  1 drivers
v0x7fb758575a20_0 .net "inp_d", 0 0, L_0x7fb75857ddd0;  alias, 1 drivers
v0x7fb758575af0_0 .net "q", 0 0, v0x7fb758574ea0_0;  1 drivers
v0x7fb758575b80_0 .net "reset", 0 0, v0x7fb75857a960_0;  alias, 1 drivers
v0x7fb758575c10_0 .net "selc_d", 0 0, L_0x7fb75857e580;  alias, 1 drivers
S_0x7fb7585748e0 .scope module, "ff0" "ffdc" 5 16, 6 1 0, S_0x7fb758574640;
 .timescale -9 -11;
    .port_info 0 /INPUT 1 "clk"
    .port_info 1 /INPUT 1 "reset"
    .port_info 2 /INPUT 1 "carga"
    .port_info 3 /INPUT 1 "d"
    .port_info 4 /OUTPUT 1 "q"
P_0x7fb758574aa0 .param/l "retardo" 0 6 1, +C4<00000000000000000000000000000000>;
v0x7fb758574bd0_0 .net "carga", 0 0, L_0x7fb75857c450;  alias, 1 drivers
v0x7fb758574d70_0 .net "clk", 0 0, v0x7fb75857a840_0;  alias, 1 drivers
v0x7fb758574e10_0 .net "d", 0 0, L_0x7fb75857d970;  alias, 1 drivers
v0x7fb758574ea0_0 .var "q", 0 0;
v0x7fb758574f30_0 .net "reset", 0 0, v0x7fb75857a960_0;  alias, 1 drivers
S_0x7fb758575020 .scope module, "mux0" "mux2_1_i1" 5 17, 5 20 0, S_0x7fb758574640;
 .timescale -9 -11;
    .port_info 0 /OUTPUT 1 "out"
    .port_info 1 /INPUT 1 "a"
    .port_info 2 /INPUT 1 "b"
    .port_info 3 /INPUT 1 "s"
L_0x7fb75857d780 .functor NOT 1, L_0x7fb75857e580, C4<0>, C4<0>, C4<0>;
L_0x7fb75857d7f0 .functor AND 1, L_0x7fb75857ddd0, L_0x7fb75857d780, C4<1>, C4<1>;
L_0x7fb75857d8a0 .functor AND 1, L_0x7fb75857da80, L_0x7fb75857e580, C4<1>, C4<1>;
L_0x7fb75857d970 .functor OR 1, L_0x7fb75857d7f0, L_0x7fb75857d8a0, C4<0>, C4<0>;
v0x7fb758575230_0 .net "a", 0 0, L_0x7fb75857ddd0;  alias, 1 drivers
v0x7fb7585752c0_0 .net "b", 0 0, L_0x7fb75857da80;  alias, 1 drivers
v0x7fb758575350_0 .net "out", 0 0, L_0x7fb75857d970;  alias, 1 drivers
v0x7fb758575420_0 .net "s", 0 0, L_0x7fb75857e580;  alias, 1 drivers
v0x7fb7585755b0_0 .net "s_n", 0 0, L_0x7fb75857d780;  1 drivers
v0x7fb758575680_0 .net "sa", 0 0, L_0x7fb75857d7f0;  1 drivers
v0x7fb758575710_0 .net "sb", 0 0, L_0x7fb75857d8a0;  1 drivers
S_0x7fb7585762d0 .scope module, "uc1" "uc" 3 16, 9 1 0, S_0x7fb7585496a0;
 .timescale -9 -11;
    .port_info 0 /INPUT 5 "q01"
    .port_info 1 /INPUT 1 "start"
    .port_info 2 /INPUT 1 "clk"
    .port_info 3 /OUTPUT 1 "CargaQ"
    .port_info 4 /OUTPUT 1 "DesplazaQ"
    .port_info 5 /OUTPUT 1 "ResetA"
    .port_info 6 /OUTPUT 1 "CargaA"
    .port_info 7 /OUTPUT 1 "DesplazaA"
    .port_info 8 /OUTPUT 1 "Fin"
    .port_info 9 /OUTPUT 1 "Op"
    .port_info 10 /OUTPUT 1 "CargaM"
P_0x7fb758576480 .param/l "S0" 0 9 4, C4<0000>;
P_0x7fb7585764c0 .param/l "S1" 0 9 5, C4<0001>;
P_0x7fb758576500 .param/l "S2" 0 9 6, C4<0010>;
P_0x7fb758576540 .param/l "S3" 0 9 7, C4<0011>;
P_0x7fb758576580 .param/l "S4" 0 9 8, C4<0100>;
P_0x7fb7585765c0 .param/l "S5" 0 9 9, C4<0101>;
P_0x7fb758576600 .param/l "S6" 0 9 10, C4<0110>;
P_0x7fb758576640 .param/l "S7" 0 9 11, C4<0111>;
P_0x7fb758576680 .param/l "S8" 0 9 12, C4<1000>;
P_0x7fb7585766c0 .param/l "S9" 0 9 13, C4<1001>;
L_0x7fb75857e660 .functor BUFZ 1, L_0x7fb75857e580, C4<0>, C4<0>, C4<0>;
L_0x7fb75857e6d0 .functor BUFZ 1, L_0x7fb75857e580, C4<0>, C4<0>, C4<0>;
L_0x7fb75857e9b0 .functor OR 1, L_0x7fb75857e780, L_0x7fb75857e8a0, C4<0>, C4<0>;
L_0x7fb75857ebc0 .functor OR 1, L_0x7fb75857e9b0, L_0x7fb75857eaa0, C4<0>, C4<0>;
L_0x7fb75857edd0 .functor OR 1, L_0x7fb75857ebc0, L_0x7fb75857ecb0, C4<0>, C4<0>;
L_0x7fb75857f1f0 .functor BUFZ 1, L_0x7fb75857f080, C4<0>, C4<0>, C4<0>;
L_0x7fb75857f480 .functor XOR 1, L_0x7fb75857f2e0, L_0x7fb75857f380, C4<0>, C4<0>;
L_0x7fb75857f720 .functor OR 1, L_0x7fb75857f4f0, L_0x7fb75857f5d0, C4<0>, C4<0>;
L_0x7fb75857eb40 .functor OR 1, L_0x7fb75857f720, L_0x7fb75857f7f0, C4<0>, C4<0>;
L_0x7fb75857f6b0 .functor OR 1, L_0x7fb75857eb40, L_0x7fb75857fa50, C4<0>, C4<0>;
L_0x7fb75857fc50 .functor AND 1, L_0x7fb75857f480, L_0x7fb75857f6b0, C4<1>, C4<1>;
L_0x7fb758580a10 .functor AND 1, L_0x7fb7585805a0, L_0x7fb7585806c0, C4<1>, C4<1>;
v0x7fb758576ba0_0 .net "CargaA", 0 0, L_0x7fb75857ff00;  alias, 1 drivers
v0x7fb758576c40_0 .net "CargaM", 0 0, L_0x7fb75857e6d0;  alias, 1 drivers
v0x7fb758576ce0_0 .net "CargaQ", 0 0, L_0x7fb75857e580;  alias, 1 drivers
v0x7fb758576d90_0 .net "DesplazaA", 0 0, L_0x7fb75857f1f0;  alias, 1 drivers
v0x7fb758576e40_0 .net "DesplazaQ", 0 0, L_0x7fb75857f080;  alias, 1 drivers
v0x7fb758576f10_0 .net "Fin", 0 0, L_0x7fb7585802a0;  1 drivers
v0x7fb758576fa0_0 .net "Op", 0 0, L_0x7fb758580c80;  alias, 1 drivers
v0x7fb758577050_0 .net "ResetA", 0 0, L_0x7fb75857e660;  alias, 1 drivers
L_0x10f352050 .functor BUFT 1, C4<0000>, C4<0>, C4<0>, C4<0>;
v0x7fb7585770e0_0 .net/2u *"_s0", 3 0, L_0x10f352050;  1 drivers
v0x7fb7585771f0_0 .net *"_s100", 31 0, L_0x7fb75857fb30;  1 drivers
L_0x10f352560 .functor BUFT 1, C4<0000000000000000000000000000000>, C4<0>, C4<0>, C4<0>;
v0x7fb758577280_0 .net *"_s103", 30 0, L_0x10f352560;  1 drivers
L_0x10f3525a8 .functor BUFT 1, C4<00000000000000000000000000000000>, C4<0>, C4<0>, C4<0>;
v0x7fb758577330_0 .net/2u *"_s104", 31 0, L_0x10f3525a8;  1 drivers
v0x7fb7585773e0_0 .net *"_s106", 0 0, L_0x7fb7585805a0;  1 drivers
v0x7fb758577480_0 .net *"_s109", 0 0, L_0x7fb758580780;  1 drivers
v0x7fb758577530_0 .net *"_s110", 31 0, L_0x7fb758580420;  1 drivers
L_0x10f3525f0 .functor BUFT 1, C4<0000000000000000000000000000000>, C4<0>, C4<0>, C4<0>;
v0x7fb7585775e0_0 .net *"_s113", 30 0, L_0x10f3525f0;  1 drivers
L_0x10f352638 .functor BUFT 1, C4<00000000000000000000000000000001>, C4<0>, C4<0>, C4<0>;
v0x7fb758577690_0 .net/2u *"_s114", 31 0, L_0x10f352638;  1 drivers
v0x7fb758577820_0 .net *"_s116", 0 0, L_0x7fb7585806c0;  1 drivers
v0x7fb7585778b0_0 .net *"_s118", 0 0, L_0x7fb758580a10;  1 drivers
L_0x10f352680 .functor BUFT 1, C4<01>, C4<0>, C4<0>, C4<0>;
v0x7fb758577950_0 .net/2s *"_s120", 1 0, L_0x10f352680;  1 drivers
L_0x10f3526c8 .functor BUFT 1, C4<00>, C4<0>, C4<0>, C4<0>;
v0x7fb758577a00_0 .net/2s *"_s122", 1 0, L_0x10f3526c8;  1 drivers
v0x7fb758577ab0_0 .net *"_s124", 1 0, L_0x7fb758580b00;  1 drivers
L_0x10f352128 .functor BUFT 1, C4<0010>, C4<0>, C4<0>, C4<0>;
v0x7fb758577b60_0 .net/2u *"_s16", 3 0, L_0x10f352128;  1 drivers
v0x7fb758577c10_0 .net *"_s18", 0 0, L_0x7fb75857e780;  1 drivers
v0x7fb758577cb0_0 .net *"_s2", 0 0, L_0x7fb75857e2c0;  1 drivers
L_0x10f352170 .functor BUFT 1, C4<0100>, C4<0>, C4<0>, C4<0>;
v0x7fb758577d50_0 .net/2u *"_s20", 3 0, L_0x10f352170;  1 drivers
v0x7fb758577e00_0 .net *"_s22", 0 0, L_0x7fb75857e8a0;  1 drivers
v0x7fb758577ea0_0 .net *"_s24", 0 0, L_0x7fb75857e9b0;  1 drivers
L_0x10f3521b8 .functor BUFT 1, C4<0110>, C4<0>, C4<0>, C4<0>;
v0x7fb758577f50_0 .net/2u *"_s26", 3 0, L_0x10f3521b8;  1 drivers
v0x7fb758578000_0 .net *"_s28", 0 0, L_0x7fb75857eaa0;  1 drivers
v0x7fb7585780a0_0 .net *"_s30", 0 0, L_0x7fb75857ebc0;  1 drivers
L_0x10f352200 .functor BUFT 1, C4<1000>, C4<0>, C4<0>, C4<0>;
v0x7fb758578150_0 .net/2u *"_s32", 3 0, L_0x10f352200;  1 drivers
v0x7fb758578200_0 .net *"_s34", 0 0, L_0x7fb75857ecb0;  1 drivers
v0x7fb758577730_0 .net *"_s36", 0 0, L_0x7fb75857edd0;  1 drivers
L_0x10f352248 .functor BUFT 1, C4<01>, C4<0>, C4<0>, C4<0>;
v0x7fb758578490_0 .net/2s *"_s38", 1 0, L_0x10f352248;  1 drivers
L_0x10f352098 .functor BUFT 1, C4<01>, C4<0>, C4<0>, C4<0>;
v0x7fb758578520_0 .net/2s *"_s4", 1 0, L_0x10f352098;  1 drivers
L_0x10f352290 .functor BUFT 1, C4<00>, C4<0>, C4<0>, C4<0>;
v0x7fb7585785b0_0 .net/2s *"_s40", 1 0, L_0x10f352290;  1 drivers
v0x7fb758578660_0 .net *"_s42", 1 0, L_0x7fb75857ef60;  1 drivers
v0x7fb758578710_0 .net *"_s49", 0 0, L_0x7fb75857f2e0;  1 drivers
v0x7fb7585787c0_0 .net *"_s51", 0 0, L_0x7fb75857f380;  1 drivers
v0x7fb758578870_0 .net *"_s52", 0 0, L_0x7fb75857f480;  1 drivers
L_0x10f3522d8 .functor BUFT 1, C4<0001>, C4<0>, C4<0>, C4<0>;
v0x7fb758578920_0 .net/2u *"_s54", 3 0, L_0x10f3522d8;  1 drivers
v0x7fb7585789d0_0 .net *"_s56", 0 0, L_0x7fb75857f4f0;  1 drivers
L_0x10f352320 .functor BUFT 1, C4<0011>, C4<0>, C4<0>, C4<0>;
v0x7fb758578a70_0 .net/2u *"_s58", 3 0, L_0x10f352320;  1 drivers
L_0x10f3520e0 .functor BUFT 1, C4<00>, C4<0>, C4<0>, C4<0>;
v0x7fb758578b20_0 .net/2s *"_s6", 1 0, L_0x10f3520e0;  1 drivers
v0x7fb758578bd0_0 .net *"_s60", 0 0, L_0x7fb75857f5d0;  1 drivers
v0x7fb758578c70_0 .net *"_s62", 0 0, L_0x7fb75857f720;  1 drivers
L_0x10f352368 .functor BUFT 1, C4<0101>, C4<0>, C4<0>, C4<0>;
v0x7fb758578d20_0 .net/2u *"_s64", 3 0, L_0x10f352368;  1 drivers
v0x7fb758578dd0_0 .net *"_s66", 0 0, L_0x7fb75857f7f0;  1 drivers
v0x7fb758578e70_0 .net *"_s68", 0 0, L_0x7fb75857eb40;  1 drivers
L_0x10f3523b0 .functor BUFT 1, C4<0111>, C4<0>, C4<0>, C4<0>;
v0x7fb758578f20_0 .net/2u *"_s70", 3 0, L_0x10f3523b0;  1 drivers
v0x7fb758578fd0_0 .net *"_s72", 0 0, L_0x7fb75857fa50;  1 drivers
v0x7fb758579070_0 .net *"_s74", 0 0, L_0x7fb75857f6b0;  1 drivers
v0x7fb758579120_0 .net *"_s76", 0 0, L_0x7fb75857fc50;  1 drivers
L_0x10f3523f8 .functor BUFT 1, C4<01>, C4<0>, C4<0>, C4<0>;
v0x7fb7585791d0_0 .net/2s *"_s78", 1 0, L_0x10f3523f8;  1 drivers
v0x7fb758579280_0 .net *"_s8", 1 0, L_0x7fb75857e400;  1 drivers
L_0x10f352440 .functor BUFT 1, C4<00>, C4<0>, C4<0>, C4<0>;
v0x7fb758579330_0 .net/2s *"_s80", 1 0, L_0x10f352440;  1 drivers
v0x7fb7585793e0_0 .net *"_s82", 1 0, L_0x7fb75857fda0;  1 drivers
L_0x10f352488 .functor BUFT 1, C4<1001>, C4<0>, C4<0>, C4<0>;
v0x7fb758579490_0 .net/2u *"_s86", 3 0, L_0x10f352488;  1 drivers
v0x7fb758579540_0 .net *"_s88", 0 0, L_0x7fb7585800e0;  1 drivers
L_0x10f3524d0 .functor BUFT 1, C4<01>, C4<0>, C4<0>, C4<0>;
v0x7fb7585795e0_0 .net/2s *"_s90", 1 0, L_0x10f3524d0;  1 drivers
L_0x10f352518 .functor BUFT 1, C4<00>, C4<0>, C4<0>, C4<0>;
v0x7fb758579690_0 .net/2s *"_s92", 1 0, L_0x10f352518;  1 drivers
v0x7fb758579740_0 .net *"_s94", 1 0, L_0x7fb758580180;  1 drivers
v0x7fb7585797f0_0 .net *"_s99", 0 0, L_0x7fb758580380;  1 drivers
v0x7fb7585798a0_0 .net "clk", 0 0, v0x7fb75857a840_0;  alias, 1 drivers
v0x7fb758578290_0 .var "nextstate", 3 0;
v0x7fb758578340_0 .net "q01", 4 0, L_0x7fb75857db20;  alias, 1 drivers
v0x7fb758578400_0 .net "start", 0 0, v0x7fb75857a960_0;  alias, 1 drivers
v0x7fb7585718e0_0 .var "state", 3 0;
E_0x7fb758576b60 .event edge, v0x7fb7585718e0_0;
L_0x7fb75857e2c0 .cmp/eq 4, v0x7fb7585718e0_0, L_0x10f352050;
L_0x7fb75857e400 .functor MUXZ 2, L_0x10f3520e0, L_0x10f352098, L_0x7fb75857e2c0, C4<>;
L_0x7fb75857e580 .part L_0x7fb75857e400, 0, 1;
L_0x7fb75857e780 .cmp/eq 4, v0x7fb7585718e0_0, L_0x10f352128;
L_0x7fb75857e8a0 .cmp/eq 4, v0x7fb7585718e0_0, L_0x10f352170;
L_0x7fb75857eaa0 .cmp/eq 4, v0x7fb7585718e0_0, L_0x10f3521b8;
L_0x7fb75857ecb0 .cmp/eq 4, v0x7fb7585718e0_0, L_0x10f352200;
L_0x7fb75857ef60 .functor MUXZ 2, L_0x10f352290, L_0x10f352248, L_0x7fb75857edd0, C4<>;
L_0x7fb75857f080 .part L_0x7fb75857ef60, 0, 1;
L_0x7fb75857f2e0 .part L_0x7fb75857db20, 0, 1;
L_0x7fb75857f380 .part L_0x7fb75857db20, 1, 1;
L_0x7fb75857f4f0 .cmp/eq 4, v0x7fb7585718e0_0, L_0x10f3522d8;
L_0x7fb75857f5d0 .cmp/eq 4, v0x7fb7585718e0_0, L_0x10f352320;
L_0x7fb75857f7f0 .cmp/eq 4, v0x7fb7585718e0_0, L_0x10f352368;
L_0x7fb75857fa50 .cmp/eq 4, v0x7fb7585718e0_0, L_0x10f3523b0;
L_0x7fb75857fda0 .functor MUXZ 2, L_0x10f352440, L_0x10f3523f8, L_0x7fb75857fc50, C4<>;
L_0x7fb75857ff00 .part L_0x7fb75857fda0, 0, 1;
L_0x7fb7585800e0 .cmp/eq 4, v0x7fb7585718e0_0, L_0x10f352488;
L_0x7fb758580180 .functor MUXZ 2, L_0x10f352518, L_0x10f3524d0, L_0x7fb7585800e0, C4<>;
L_0x7fb7585802a0 .part L_0x7fb758580180, 0, 1;
L_0x7fb758580380 .part L_0x7fb75857db20, 0, 1;
L_0x7fb75857fb30 .concat [ 1 31 0 0], L_0x7fb758580380, L_0x10f352560;
L_0x7fb7585805a0 .cmp/eq 32, L_0x7fb75857fb30, L_0x10f3525a8;
L_0x7fb758580780 .part L_0x7fb75857db20, 1, 1;
L_0x7fb758580420 .concat [ 1 31 0 0], L_0x7fb758580780, L_0x10f3525f0;
L_0x7fb7585806c0 .cmp/eq 32, L_0x7fb758580420, L_0x10f352638;
L_0x7fb758580b00 .functor MUXZ 2, L_0x10f3526c8, L_0x10f352680, L_0x7fb758580a10, C4<>;
L_0x7fb758580c80 .part L_0x7fb758580b00, 0, 1;
    .scope S_0x7fb758566b40;
T_0 ;
    %wait E_0x7fb758566e40;
    %load/vec4 v0x7fb758567120_0;
    %flag_set/vec4 8;
    %jmp/0xz  T_0.0, 8;
    %pushi/vec4 0, 0, 1;
    %assign/vec4 v0x7fb758567080_0, 0;
    %jmp T_0.1;
T_0.0 ;
    %load/vec4 v0x7fb758566e80_0;
    %flag_set/vec4 8;
    %jmp/0xz  T_0.2, 8;
    %load/vec4 v0x7fb758566fd0_0;
    %assign/vec4 v0x7fb758567080_0, 0;
T_0.2 ;
T_0.1 ;
    %jmp T_0;
    .thread T_0;
    .scope S_0x7fb7585681b0;
T_1 ;
    %wait E_0x7fb758566e40;
    %load/vec4 v0x7fb758568790_0;
    %flag_set/vec4 8;
    %jmp/0xz  T_1.0, 8;
    %pushi/vec4 0, 0, 1;
    %assign/vec4 v0x7fb758568700_0, 0;
    %jmp T_1.1;
T_1.0 ;
    %load/vec4 v0x7fb7585684b0_0;
    %flag_set/vec4 8;
    %jmp/0xz  T_1.2, 8;
    %load/vec4 v0x7fb758568670_0;
    %assign/vec4 v0x7fb758568700_0, 0;
T_1.2 ;
T_1.1 ;
    %jmp T_1;
    .thread T_1;
    .scope S_0x7fb7585697f0;
T_2 ;
    %wait E_0x7fb758566e40;
    %load/vec4 v0x7fb758569e50_0;
    %flag_set/vec4 8;
    %jmp/0xz  T_2.0, 8;
    %pushi/vec4 0, 0, 1;
    %assign/vec4 v0x7fb758569dc0_0, 0;
    %jmp T_2.1;
T_2.0 ;
    %load/vec4 v0x7fb758569af0_0;
    %flag_set/vec4 8;
    %jmp/0xz  T_2.2, 8;
    %load/vec4 v0x7fb758569d30_0;
    %assign/vec4 v0x7fb758569dc0_0, 0;
T_2.2 ;
T_2.1 ;
    %jmp T_2;
    .thread T_2;
    .scope S_0x7fb75856ae90;
T_3 ;
    %wait E_0x7fb758566e40;
    %load/vec4 v0x7fb75856b420_0;
    %flag_set/vec4 8;
    %jmp/0xz  T_3.0, 8;
    %pushi/vec4 0, 0, 1;
    %assign/vec4 v0x7fb75856b390_0, 0;
    %jmp T_3.1;
T_3.0 ;
    %load/vec4 v0x7fb75856b1a0_0;
    %flag_set/vec4 8;
    %jmp/0xz  T_3.2, 8;
    %load/vec4 v0x7fb75856b2e0_0;
    %assign/vec4 v0x7fb75856b390_0, 0;
T_3.2 ;
T_3.1 ;
    %jmp T_3;
    .thread T_3;
    .scope S_0x7fb75856ef80;
T_4 ;
    %wait E_0x7fb75856ce20;
    %load/vec4 v0x7fb75856f4f0_0;
    %flag_set/vec4 8;
    %jmp/0xz  T_4.0, 8;
    %pushi/vec4 0, 0, 1;
    %assign/vec4 v0x7fb75856f460_0, 0;
    %jmp T_4.1;
T_4.0 ;
    %load/vec4 v0x7fb75856f260_0;
    %flag_set/vec4 8;
    %jmp/0xz  T_4.2, 8;
    %load/vec4 v0x7fb75856f3b0_0;
    %assign/vec4 v0x7fb75856f460_0, 0;
T_4.2 ;
T_4.1 ;
    %jmp T_4;
    .thread T_4;
    .scope S_0x7fb758570550;
T_5 ;
    %wait E_0x7fb75856ce20;
    %load/vec4 v0x7fb758570c60_0;
    %flag_set/vec4 8;
    %jmp/0xz  T_5.0, 8;
    %pushi/vec4 0, 0, 1;
    %assign/vec4 v0x7fb758570bd0_0, 0;
    %jmp T_5.1;
T_5.0 ;
    %load/vec4 v0x7fb758570850_0;
    %flag_set/vec4 8;
    %jmp/0xz  T_5.2, 8;
    %load/vec4 v0x7fb75856c4a0_0;
    %assign/vec4 v0x7fb758570bd0_0, 0;
T_5.2 ;
T_5.1 ;
    %jmp T_5;
    .thread T_5;
    .scope S_0x7fb758571ce0;
T_6 ;
    %wait E_0x7fb75856ce20;
    %load/vec4 v0x7fb7585722b0_0;
    %flag_set/vec4 8;
    %jmp/0xz  T_6.0, 8;
    %pushi/vec4 0, 0, 1;
    %assign/vec4 v0x7fb758572220_0, 0;
    %jmp T_6.1;
T_6.0 ;
    %load/vec4 v0x7fb758571fe0_0;
    %flag_set/vec4 8;
    %jmp/0xz  T_6.2, 8;
    %load/vec4 v0x7fb758572190_0;
    %assign/vec4 v0x7fb758572220_0, 0;
T_6.2 ;
T_6.1 ;
    %jmp T_6;
    .thread T_6;
    .scope S_0x7fb7585732f0;
T_7 ;
    %wait E_0x7fb75856ce20;
    %load/vec4 v0x7fb758573880_0;
    %flag_set/vec4 8;
    %jmp/0xz  T_7.0, 8;
    %pushi/vec4 0, 0, 1;
    %assign/vec4 v0x7fb7585737f0_0, 0;
    %jmp T_7.1;
T_7.0 ;
    %load/vec4 v0x7fb758573600_0;
    %flag_set/vec4 8;
    %jmp/0xz  T_7.2, 8;
    %load/vec4 v0x7fb758573740_0;
    %assign/vec4 v0x7fb7585737f0_0, 0;
T_7.2 ;
T_7.1 ;
    %jmp T_7;
    .thread T_7;
    .scope S_0x7fb7585748e0;
T_8 ;
    %wait E_0x7fb75856ce20;
    %load/vec4 v0x7fb758574f30_0;
    %flag_set/vec4 8;
    %jmp/0xz  T_8.0, 8;
    %pushi/vec4 0, 0, 1;
    %assign/vec4 v0x7fb758574ea0_0, 0;
    %jmp T_8.1;
T_8.0 ;
    %load/vec4 v0x7fb758574bd0_0;
    %flag_set/vec4 8;
    %jmp/0xz  T_8.2, 8;
    %load/vec4 v0x7fb758574e10_0;
    %assign/vec4 v0x7fb758574ea0_0, 0;
T_8.2 ;
T_8.1 ;
    %jmp T_8;
    .thread T_8;
    .scope S_0x7fb75856cb40;
T_9 ;
    %wait E_0x7fb75856ce20;
    %load/vec4 v0x7fb75856d0e0_0;
    %flag_set/vec4 8;
    %jmp/0xz  T_9.0, 8;
    %pushi/vec4 0, 0, 1;
    %assign/vec4 v0x7fb75856d050_0, 0;
    %jmp T_9.1;
T_9.0 ;
    %load/vec4 v0x7fb75856ce50_0;
    %flag_set/vec4 8;
    %jmp/0xz  T_9.2, 8;
    %load/vec4 v0x7fb75856cfa0_0;
    %assign/vec4 v0x7fb75856d050_0, 0;
T_9.2 ;
T_9.1 ;
    %jmp T_9;
    .thread T_9;
    .scope S_0x7fb75856d240;
T_10 ;
    %wait E_0x7fb75856ce20;
    %load/vec4 v0x7fb75856d7a0_0;
    %flag_set/vec4 8;
    %jmp/0xz  T_10.0, 8;
    %pushi/vec4 0, 0, 1;
    %assign/vec4 v0x7fb75856d710_0, 0;
    %jmp T_10.1;
T_10.0 ;
    %load/vec4 v0x7fb75856d520_0;
    %flag_set/vec4 8;
    %jmp/0xz  T_10.2, 8;
    %load/vec4 v0x7fb75856d660_0;
    %assign/vec4 v0x7fb75856d710_0, 0;
T_10.2 ;
T_10.1 ;
    %jmp T_10;
    .thread T_10;
    .scope S_0x7fb75856d8c0;
T_11 ;
    %wait E_0x7fb75856ce20;
    %load/vec4 v0x7fb75856de40_0;
    %flag_set/vec4 8;
    %jmp/0xz  T_11.0, 8;
    %pushi/vec4 0, 0, 1;
    %assign/vec4 v0x7fb75856ddb0_0, 0;
    %jmp T_11.1;
T_11.0 ;
    %load/vec4 v0x7fb75856dbc0_0;
    %flag_set/vec4 8;
    %jmp/0xz  T_11.2, 8;
    %load/vec4 v0x7fb75856dd20_0;
    %assign/vec4 v0x7fb75856ddb0_0, 0;
T_11.2 ;
T_11.1 ;
    %jmp T_11;
    .thread T_11;
    .scope S_0x7fb75856dfb0;
T_12 ;
    %wait E_0x7fb75856ce20;
    %load/vec4 v0x7fb75856e4e0_0;
    %flag_set/vec4 8;
    %jmp/0xz  T_12.0, 8;
    %pushi/vec4 0, 0, 1;
    %assign/vec4 v0x7fb75856e450_0, 0;
    %jmp T_12.1;
T_12.0 ;
    %load/vec4 v0x7fb75856e260_0;
    %flag_set/vec4 8;
    %jmp/0xz  T_12.2, 8;
    %load/vec4 v0x7fb75856e3a0_0;
    %assign/vec4 v0x7fb75856e450_0, 0;
T_12.2 ;
T_12.1 ;
    %jmp T_12;
    .thread T_12;
    .scope S_0x7fb758547e10;
T_13 ;
    %wait E_0x7fb758547950;
    %load/vec4 v0x7fb758566460_0;
    %flag_set/vec4 8;
    %jmp/0xz  T_13.0, 8;
    %load/vec4 v0x7fb7585130b0_0;
    %load/vec4 v0x7fb7585663b0_0;
    %sub;
    %assign/vec4 v0x7fb758566510_0, 0;
    %jmp T_13.1;
T_13.0 ;
    %load/vec4 v0x7fb758566460_0;
    %nor/r;
    %flag_set/vec4 8;
    %jmp/0xz  T_13.2, 8;
    %load/vec4 v0x7fb7585130b0_0;
    %load/vec4 v0x7fb7585663b0_0;
    %add;
    %assign/vec4 v0x7fb758566510_0, 0;
T_13.2 ;
T_13.1 ;
    %jmp T_13;
    .thread T_13, $push;
    .scope S_0x7fb7585762d0;
T_14 ;
    %wait E_0x7fb75856ce20;
    %load/vec4 v0x7fb758578400_0;
    %flag_set/vec4 8;
    %jmp/0xz  T_14.0, 8;
    %pushi/vec4 0, 0, 4;
    %assign/vec4 v0x7fb7585718e0_0, 0;
    %jmp T_14.1;
T_14.0 ;
    %load/vec4 v0x7fb758578290_0;
    %assign/vec4 v0x7fb7585718e0_0, 0;
T_14.1 ;
    %jmp T_14;
    .thread T_14;
    .scope S_0x7fb7585762d0;
T_15 ;
    %wait E_0x7fb758576b60;
    %load/vec4 v0x7fb7585718e0_0;
    %dup/vec4;
    %pushi/vec4 0, 0, 4;
    %cmp/u;
    %jmp/1 T_15.0, 6;
    %dup/vec4;
    %pushi/vec4 1, 0, 4;
    %cmp/u;
    %jmp/1 T_15.1, 6;
    %dup/vec4;
    %pushi/vec4 2, 0, 4;
    %cmp/u;
    %jmp/1 T_15.2, 6;
    %dup/vec4;
    %pushi/vec4 3, 0, 4;
    %cmp/u;
    %jmp/1 T_15.3, 6;
    %dup/vec4;
    %pushi/vec4 4, 0, 4;
    %cmp/u;
    %jmp/1 T_15.4, 6;
    %dup/vec4;
    %pushi/vec4 5, 0, 4;
    %cmp/u;
    %jmp/1 T_15.5, 6;
    %dup/vec4;
    %pushi/vec4 6, 0, 4;
    %cmp/u;
    %jmp/1 T_15.6, 6;
    %dup/vec4;
    %pushi/vec4 7, 0, 4;
    %cmp/u;
    %jmp/1 T_15.7, 6;
    %dup/vec4;
    %pushi/vec4 8, 0, 4;
    %cmp/u;
    %jmp/1 T_15.8, 6;
    %dup/vec4;
    %pushi/vec4 9, 0, 4;
    %cmp/u;
    %jmp/1 T_15.9, 6;
    %pushi/vec4 0, 0, 4;
    %store/vec4 v0x7fb758578290_0, 0, 4;
    %jmp T_15.11;
T_15.0 ;
    %pushi/vec4 1, 0, 4;
    %store/vec4 v0x7fb758578290_0, 0, 4;
    %jmp T_15.11;
T_15.1 ;
    %pushi/vec4 2, 0, 4;
    %store/vec4 v0x7fb758578290_0, 0, 4;
    %jmp T_15.11;
T_15.2 ;
    %pushi/vec4 3, 0, 4;
    %store/vec4 v0x7fb758578290_0, 0, 4;
    %jmp T_15.11;
T_15.3 ;
    %pushi/vec4 4, 0, 4;
    %store/vec4 v0x7fb758578290_0, 0, 4;
    %jmp T_15.11;
T_15.4 ;
    %pushi/vec4 5, 0, 4;
    %store/vec4 v0x7fb758578290_0, 0, 4;
    %jmp T_15.11;
T_15.5 ;
    %pushi/vec4 6, 0, 4;
    %store/vec4 v0x7fb758578290_0, 0, 4;
    %jmp T_15.11;
T_15.6 ;
    %pushi/vec4 7, 0, 4;
    %store/vec4 v0x7fb758578290_0, 0, 4;
    %jmp T_15.11;
T_15.7 ;
    %pushi/vec4 8, 0, 4;
    %store/vec4 v0x7fb758578290_0, 0, 4;
    %jmp T_15.11;
T_15.8 ;
    %pushi/vec4 9, 0, 4;
    %store/vec4 v0x7fb758578290_0, 0, 4;
    %jmp T_15.11;
T_15.9 ;
    %pushi/vec4 9, 0, 4;
    %store/vec4 v0x7fb758578290_0, 0, 4;
    %jmp T_15.11;
T_15.11 ;
    %pop/vec4 1;
    %jmp T_15;
    .thread T_15, $push;
    .scope S_0x7fb75853c000;
T_16 ;
    %pushi/vec4 1, 0, 1;
    %store/vec4 v0x7fb75857a840_0, 0, 1;
    %pushi/vec4 1, 0, 1;
    %store/vec4 v0x7fb75857a960_0, 0, 1;
    %delay 100, 0;
    %pushi/vec4 0, 0, 1;
    %store/vec4 v0x7fb75857a960_0, 0, 1;
    %end;
    .thread T_16;
    .scope S_0x7fb75853c000;
T_17 ;
    %delay 500, 0;
    %load/vec4 v0x7fb75857a840_0;
    %nor/r;
    %store/vec4 v0x7fb75857a840_0, 0, 1;
    %jmp T_17;
    .thread T_17;
    .scope S_0x7fb75853c000;
T_18 ;
    %vpi_call 2 29 "$monitor", "time=%0d x=%b y=%b salida=%b clk=%b", $time, v0x7fb75857a9f0_0, v0x7fb75857aa80_0, v0x7fb75857a8d0_0, v0x7fb75857a840_0 {0 0 0};
    %vpi_call 2 30 "$dumpfile", "mimodulo_tb.vcd" {0 0 0};
    %vpi_call 2 31 "$dumpvars" {0 0 0};
    %pushi/vec4 10, 0, 4;
    %store/vec4 v0x7fb75857a9f0_0, 0, 4;
    %pushi/vec4 2, 0, 4;
    %store/vec4 v0x7fb75857aa80_0, 0, 4;
    %delay 20000, 0;
    %vpi_call 2 38 "$finish" {0 0 0};
    %end;
    .thread T_18;
# The file index is used to find the file name in the following table.
:file_names 10;
    "N/A";
    "<interactive>";
    "tb_booth.v";
    "booth.v";
    "sum.v";
    "regA.v";
    "ffdc.v";
    "regM.v";
    "regQ.v";
    "uc.v";
